<?xml version="1.0" encoding="UTF-8"?>
<!-- Generated by org.testng.reporters.JUnitXMLReporter -->
<testsuite hostname="SHREEG-PC" ignored="0" name="Test" tests="5" failures="0" timestamp="2020-08-05T13:49:15 IST" time="17.172" errors="0">
  <testcase name="getWeatherWithOutRegister" time="11.253" classname="WeatherMapAPI.WeatherMapAPIRequests"/>
  <testcase name="postStation" time="2.654" classname="WeatherMapAPI.WeatherMapAPIRequests"/>
  <testcase name="getStations" time="0.662" classname="WeatherMapAPI.WeatherMapAPIRequests"/>
  <testcase name="deleteStations" time="1.282" classname="WeatherMapAPI.WeatherMapAPIRequests"/>
  <testcase name="TryRedeleteStations" time="1.279" classname="WeatherMapAPI.WeatherMapAPIRequests"/>
</testsuite> <!-- Test -->
